<?xml version="1.0" encoding="UTF-8" ?>
<testsuite tests="5" failures="0" name="RunTest" time="0.013" errors="0" skipped="0">
  <properties>
    <property name="java.runtime.name" value="OpenJDK Runtime Environment"/>
    <property name="java.vm.version" value="11.0.5+10-b520.38"/>
    <property name="sun.boot.library.path" value="C:\Program Files\JetBrains\IntelliJ IDEA Community Edition 2019.3.3\jbr\bin"/>
    <property name="maven.multiModuleProjectDirectory" value="C:\Users\chenhaijiao\IdeaProjects\cucumberExample"/>
    <property name="java.vm.vendor" value="JetBrains s.r.o"/>
    <property name="java.vendor.url" value="https://www.jetbrains.com/"/>
    <property name="guice.disable.misplaced.annotation.check" value="true"/>
    <property name="path.separator" value=";"/>
    <property name="java.vm.name" value="OpenJDK 64-Bit Server VM"/>
    <property name="sun.os.patch.level" value=""/>
    <property name="user.script" value=""/>
    <property name="user.country" value="CN"/>
    <property name="sun.java.launcher" value="SUN_STANDARD"/>
    <property name="java.vm.specification.name" value="Java Virtual Machine Specification"/>
    <property name="user.dir" value="C:\Users\chenhaijiao\IdeaProjects\cucumberExample"/>
    <property name="java.vm.compressedOopsMode" value="32-bit"/>
    <property name="java.runtime.version" value="11.0.5+10-b520.38"/>
    <property name="java.awt.graphicsenv" value="sun.awt.Win32GraphicsEnvironment"/>
    <property name="os.arch" value="amd64"/>
    <property name="java.io.tmpdir" value="C:\Users\CHENHA~1\AppData\Local\Temp\"/>
    <property name="line.separator" value="
"/>
    <property name="java.vm.specification.vendor" value="Oracle Corporation"/>
    <property name="user.variant" value=""/>
    <property name="os.name" value="Windows 10"/>
    <property name="maven.ext.class.path" value="C:\Program Files\JetBrains\IntelliJ IDEA Community Edition 2019.3.3\plugins\maven\lib\maven-event-listener.jar"/>
    <property name="classworlds.conf" value="C:\Program Files\JetBrains\IntelliJ IDEA Community Edition 2019.3.3\plugins\maven\lib\maven3\bin\m2.conf"/>
    <property name="sun.jnu.encoding" value="GBK"/>
    <property name="java.library.path" value="C:\Program Files\JetBrains\IntelliJ IDEA Community Edition 2019.3.3\jbr\bin;C:\Windows\Sun\Java\bin;C:\Windows\system32;C:\Windows;C:\Program Files (x86)\Common Files\Oracle\Java\javapath;C:\ProgramData\Oracle\Java\javapath;C:\Windows\system32;C:\Windows;C:\Windows\System32\Wbem;C:\Windows\System32\WindowsPowerShell\v1.0\;C:\Program Files (x86)\NVIDIA Corporation\PhysX\Common;E:\SoftwareInstall\Java\jdk1.8.0_202\bin;E:\SoftwareInstall\Java\jre1.8.0_202\bin;C:\Program Files (x86)\HP\LoadRunner\strawberry-perl\perl\bin;%MAVEN_HOME%\bin;C:\Program Files (x86)\IDM Computer Solutions\UltraEdit;E:\SoftwareInstall\Git\cmd;E:\SoftwareInstall\apache-jmeter-4.0\apache-jmeter-4.0\bin;E:\SoftwareInstall\apache-ant-1.10.5\bin;E:\SoftwareInstall\Android\android-sdk\platform-tools;E:\SoftwareInstall\Android\android-sdk\tools;C:\Program Files\nodejs\;C:\Program Files (x86)\Appium\node_modules\.bin;E:\SoftwareInstall\Android\android-sdk\build-tools\28.0.3;C:\Program Files\OpenVPN\bin;E:\SoftwareInstall\allure-commandline\allure-commandline\bin;E:\SoftwareInstall\allure-2.8.0\allure-2.8.0\allure-2.8.0\bin;C:\Users\chenhaijiao\AppData\Local\Programs\Python\Python36\Scripts\;C:\Users\chenhaijiao\AppData\Local\Programs\Python\Python36\;E:\SoftwareInstall\apache-jmeter-4.0\apache-jmeter-4.0\bin;E:\SoftwareInstall\apache-maven-3.5.2\bin;E:\SoftwareInstall\SSH Communications Security\SSH Secure Shell;E:\SoftwareInstall\Mysql\bin;C:\Users\chenhaijiao\AppData\Roaming\npm;C:\Users\chenhaijiao\AppData\Local\Programs\Fiddler;C:\Program Files\JetBrains\PyCharm Community Edition 2019.3.2\bin;;C:\Program Files\JetBrains\IntelliJ IDEA Community Edition 2019.3.3\bin;;."/>
    <property name="maven.conf" value="C:\Program Files\JetBrains\IntelliJ IDEA Community Edition 2019.3.3\plugins\maven\lib\maven3/conf"/>
    <property name="jdk.debug" value="release"/>
    <property name="java.class.version" value="55.0"/>
    <property name="java.specification.name" value="Java Platform API Specification"/>
    <property name="sun.management.compiler" value="HotSpot 64-Bit Tiered Compilers"/>
    <property name="idea.version2019.3.3" value="true"/>
    <property name="os.version" value="10.0"/>
    <property name="user.home" value="C:\Users\chenhaijiao"/>
    <property name="user.timezone" value="Asia/Shanghai"/>
    <property name="java.awt.printerjob" value="sun.awt.windows.WPrinterJob"/>
    <property name="file.encoding" value="UTF-8"/>
    <property name="java.specification.version" value="11"/>
    <property name="user.name" value="chenhaijiao"/>
    <property name="java.class.path" value="C:\Program Files\JetBrains\IntelliJ IDEA Community Edition 2019.3.3\plugins\maven\lib\maven3\boot\plexus-classworlds-2.6.0.jar"/>
    <property name="java.vm.specification.version" value="11"/>
    <property name="sun.arch.data.model" value="64"/>
    <property name="sun.java.command" value="org.codehaus.classworlds.Launcher -Didea.version2019.3.3 test"/>
    <property name="java.home" value="C:\Program Files\JetBrains\IntelliJ IDEA Community Edition 2019.3.3\jbr"/>
    <property name="user.language" value="zh"/>
    <property name="java.specification.vendor" value="Oracle Corporation"/>
    <property name="awt.toolkit" value="sun.awt.windows.WToolkit"/>
    <property name="java.vm.info" value="mixed mode, sharing"/>
    <property name="java.version" value="11.0.5"/>
    <property name="java.vendor" value="JetBrains s.r.o"/>
    <property name="maven.home" value="C:\Program Files\JetBrains\IntelliJ IDEA Community Edition 2019.3.3\plugins\maven\lib\maven3"/>
    <property name="file.separator" value="\"/>
    <property name="java.version.date" value="2019-10-15"/>
    <property name="java.vendor.url.bug" value="https://youtrack.jetbrains.com"/>
    <property name="sun.io.unicode.encoding" value="UnicodeLittle"/>
    <property name="sun.cpu.endian" value="little"/>
    <property name="sun.desktop" value="windows"/>
    <property name="sun.cpu.isalist" value="amd64"/>
  </properties>
  <testcase classname="Scenario: search dog in baidu searchbox" name="Given I open baidu search page" time="0.012"/>
  <testcase classname="Scenario: search dog in baidu searchbox" name="When I input &quot;dog&quot; in search box" time="0"/>
  <testcase classname="Scenario: search dog in baidu searchbox" name="And I click search button" time="0"/>
  <testcase classname="Scenario: search dog in baidu searchbox" name="Then show search result should include &quot;dog&quot;" time="0"/>
  <testcase classname="Scenario: search dog in baidu searchbox" name="Scenario: search dog in baidu searchbox" time="0.001"/>
</testsuite>